[29-Dec-2018 04:10:50 UTC] PHP Warning:  include(koneksi_ip.php): failed to open stream: No such file or directory in /home/ubuntu/workspace/api/barang.php on line 2
[29-Dec-2018 04:10:50 UTC] PHP Stack trace:
[29-Dec-2018 04:10:50 UTC] PHP   1. {main}() /home/ubuntu/workspace/api/barang.php:0
[29-Dec-2018 04:10:50 UTC] PHP Warning:  include(): Failed opening 'koneksi_ip.php' for inclusion (include_path='.:/usr/share/php:/usr/share/pear') in /home/ubuntu/workspace/api/barang.php on line 2
[29-Dec-2018 04:10:50 UTC] PHP Stack trace:
[29-Dec-2018 04:10:50 UTC] PHP   1. {main}() /home/ubuntu/workspace/api/barang.php:0
[29-Dec-2018 04:10:50 UTC] PHP Warning:  mysqli_query() expects parameter 1 to be mysqli, null given in /home/ubuntu/workspace/api/barang.php on line 4
[29-Dec-2018 04:10:50 UTC] PHP Stack trace:
[29-Dec-2018 04:10:50 UTC] PHP   1. {main}() /home/ubuntu/workspace/api/barang.php:0
[29-Dec-2018 04:10:50 UTC] PHP   2. mysqli_query() /home/ubuntu/workspace/api/barang.php:4
[29-Dec-2018 04:10:50 UTC] PHP Warning:  mysqli_fetch_assoc() expects parameter 1 to be mysqli_result, null given in /home/ubuntu/workspace/api/barang.php on line 5
[29-Dec-2018 04:10:50 UTC] PHP Stack trace:
[29-Dec-2018 04:10:50 UTC] PHP   1. {main}() /home/ubuntu/workspace/api/barang.php:0
[29-Dec-2018 04:10:50 UTC] PHP   2. mysqli_fetch_assoc() /home/ubuntu/workspace/api/barang.php:5
[29-Dec-2018 04:11:18 UTC] PHP Warning:  mysqli_close(): Couldn't fetch mysqli in /home/ubuntu/workspace/api/barang.php on line 9
[29-Dec-2018 04:11:18 UTC] PHP Stack trace:
[29-Dec-2018 04:11:18 UTC] PHP   1. {main}() /home/ubuntu/workspace/api/barang.php:0
[29-Dec-2018 04:11:18 UTC] PHP   2. mysqli_close() /home/ubuntu/workspace/api/barang.php:9
[05-Jan-2019 14:53:22 UTC] PHP Fatal error:  Function name must be a string in /home/ubuntu/workspace/api/stok.php on line 4
[05-Jan-2019 14:53:22 UTC] PHP Stack trace:
[05-Jan-2019 14:53:22 UTC] PHP   1. {main}() /home/ubuntu/workspace/api/stok.php:0
[05-Jan-2019 15:03:52 UTC] PHP Warning:  mysqli_fetch_assoc() expects parameter 1 to be mysqli_result, boolean given in /home/ubuntu/workspace/api/stok.php on line 9
[05-Jan-2019 15:03:52 UTC] PHP Stack trace:
[05-Jan-2019 15:03:52 UTC] PHP   1. {main}() /home/ubuntu/workspace/api/stok.php:0
[05-Jan-2019 15:03:52 UTC] PHP   2. mysqli_fetch_assoc() /home/ubuntu/workspace/api/stok.php:9
[05-Jan-2019 15:04:43 UTC] PHP Warning:  mysqli_fetch_assoc() expects parameter 1 to be mysqli_result, boolean given in /home/ubuntu/workspace/api/stok.php on line 9
[05-Jan-2019 15:04:43 UTC] PHP Stack trace:
[05-Jan-2019 15:04:43 UTC] PHP   1. {main}() /home/ubuntu/workspace/api/stok.php:0
[05-Jan-2019 15:04:43 UTC] PHP   2. mysqli_fetch_assoc() /home/ubuntu/workspace/api/stok.php:9
[05-Jan-2019 15:06:49 UTC] PHP Warning:  mysqli_fetch_assoc() expects parameter 1 to be mysqli_result, boolean given in /home/ubuntu/workspace/api/stok.php on line 14
[05-Jan-2019 15:06:49 UTC] PHP Stack trace:
[05-Jan-2019 15:06:49 UTC] PHP   1. {main}() /home/ubuntu/workspace/api/stok.php:0
[05-Jan-2019 15:06:49 UTC] PHP   2. mysqli_fetch_assoc() /home/ubuntu/workspace/api/stok.php:14
[05-Jan-2019 15:11:02 UTC] PHP Warning:  mysqli_fetch_assoc() expects parameter 1 to be mysqli_result, boolean given in /home/ubuntu/workspace/api/stok.php on line 14
[05-Jan-2019 15:11:02 UTC] PHP Stack trace:
[05-Jan-2019 15:11:02 UTC] PHP   1. {main}() /home/ubuntu/workspace/api/stok.php:0
[05-Jan-2019 15:11:02 UTC] PHP   2. mysqli_fetch_assoc() /home/ubuntu/workspace/api/stok.php:14
[05-Jan-2019 15:13:47 UTC] PHP Warning:  mysqli_fetch_assoc() expects parameter 1 to be mysqli_result, boolean given in /home/ubuntu/workspace/api/stok.php on line 16
[05-Jan-2019 15:13:47 UTC] PHP Stack trace:
[05-Jan-2019 15:13:47 UTC] PHP   1. {main}() /home/ubuntu/workspace/api/stok.php:0
[05-Jan-2019 15:13:47 UTC] PHP   2. mysqli_fetch_assoc() /home/ubuntu/workspace/api/stok.php:16
[05-Jan-2019 15:14:14 UTC] PHP Warning:  mysqli_fetch_assoc() expects parameter 1 to be mysqli_result, boolean given in /home/ubuntu/workspace/api/stok.php on line 16
[05-Jan-2019 15:14:14 UTC] PHP Stack trace:
[05-Jan-2019 15:14:14 UTC] PHP   1. {main}() /home/ubuntu/workspace/api/stok.php:0
[05-Jan-2019 15:14:14 UTC] PHP   2. mysqli_fetch_assoc() /home/ubuntu/workspace/api/stok.php:16
[07-Jan-2019 08:07:56 UTC] PHP Warning:  mysqli_fetch_assoc() expects parameter 1 to be mysqli_result, boolean given in /home/ubuntu/workspace/api/stok.php on line 18
[07-Jan-2019 08:07:56 UTC] PHP Stack trace:
[07-Jan-2019 08:07:56 UTC] PHP   1. {main}() /home/ubuntu/workspace/api/stok.php:0
[07-Jan-2019 08:07:56 UTC] PHP   2. mysqli_fetch_assoc() /home/ubuntu/workspace/api/stok.php:18
[07-Jan-2019 08:08:19 UTC] PHP Warning:  mysqli_fetch_assoc() expects parameter 1 to be mysqli_result, boolean given in /home/ubuntu/workspace/api/stok.php on line 18
[07-Jan-2019 08:08:19 UTC] PHP Stack trace:
[07-Jan-2019 08:08:19 UTC] PHP   1. {main}() /home/ubuntu/workspace/api/stok.php:0
[07-Jan-2019 08:08:19 UTC] PHP   2. mysqli_fetch_assoc() /home/ubuntu/workspace/api/stok.php:18
[07-Jan-2019 08:08:26 UTC] PHP Warning:  mysqli_fetch_assoc() expects parameter 1 to be mysqli_result, boolean given in /home/ubuntu/workspace/api/stok.php on line 18
[07-Jan-2019 08:08:26 UTC] PHP Stack trace:
[07-Jan-2019 08:08:26 UTC] PHP   1. {main}() /home/ubuntu/workspace/api/stok.php:0
[07-Jan-2019 08:08:26 UTC] PHP   2. mysqli_fetch_assoc() /home/ubuntu/workspace/api/stok.php:18
